# JRE version: OpenJDK Runtime Environment (13.0.1+9) (build 13.0.1+9)
# Java VM: OpenJDK 64-Bit Server VM (13.0.1+9, mixed mode, sharing, tiered, compressed oops, g1 gc, bsd-amd64)
Heap:
 garbage-first heap   total 158720K, used 73931K [0x0000000780000000, 0x0000000800000000)
  region size 1024K, 4 young (4096K), 2 survivors (2048K)
 Metaspace       used 17469K, capacity 17860K, committed 18304K, reserved 1064960K
  class space    used 1975K, capacity 2124K, committed 2176K, reserved 1048576K
GC Heap History (20 events):
Event: 103.425 GC heap before
{Heap before GC invocations=3 (full 0):
 garbage-first heap   total 133120K, used 73204K [0x0000000780000000, 0x0000000800000000)
  region size 1024K, 18 young (18432K), 3 survivors (3072K)
 Metaspace       used 17266K, capacity 17670K, committed 18048K, reserved 1064960K
  class space    used 1972K, capacity 2151K, committed 2176K, reserved 1048576K
}
Event: 103.428 GC heap after
{Heap after GC invocations=4 (full 0):
 garbage-first heap   total 133120K, used 58076K [0x0000000780000000, 0x0000000800000000)
  region size 1024K, 3 young (3072K), 3 survivors (3072K)
 Metaspace       used 17266K, capacity 17670K, committed 18048K, reserved 1064960K
  class space    used 1972K, capacity 2151K, committed 2176K, reserved 1048576K
}
Event: 107.907 GC heap before
{Heap before GC invocations=5 (full 0):
 garbage-first heap   total 133120K, used 67292K [0x0000000780000000, 0x0000000800000000)
  region size 1024K, 14 young (14336K), 3 survivors (3072K)
 Metaspace       used 17414K, capacity 17798K, committed 18048K, reserved 1064960K
  class space    used 1986K, capacity 2151K, committed 2176K, reserved 1048576K
}
Event: 107.910 GC heap after
{Heap after GC invocations=6 (full 0):
 garbage-first heap   total 133120K, used 40537K [0x0000000780000000, 0x0000000800000000)
  region size 1024K, 3 young (3072K), 3 survivors (3072K)
 Metaspace       used 17414K, capacity 17798K, committed 18048K, reserved 1064960K
  class space    used 1986K, capacity 2151K, committed 2176K, reserved 1048576K
}
Event: 5049.294 GC heap before
{Heap before GC invocations=7 (full 0):
 garbage-first heap   total 133120K, used 62041K [0x0000000780000000, 0x0000000800000000)
  region size 1024K, 11 young (11264K), 3 survivors (3072K)
 Metaspace       used 17469K, capacity 17865K, committed 18048K, reserved 1064960K
  class space    used 1988K, capacity 2152K, committed 2176K, reserved 1048576K
}
Event: 5049.380 GC heap after
{Heap after GC invocations=8 (full 0):
 garbage-first heap   total 133120K, used 38404K [0x0000000780000000, 0x0000000800000000)
  region size 1024K, 2 young (2048K), 2 survivors (2048K)
 Metaspace       used 17469K, capacity 17865K, committed 18048K, reserved 1064960K
  class space    used 1988K, capacity 2152K, committed 2176K, reserved 1048576K
}
Event: 6199.519 GC heap before
{Heap before GC invocations=9 (full 0):
 garbage-first heap   total 133120K, used 66052K [0x0000000780000000, 0x0000000800000000)
  region size 1024K, 5 young (5120K), 2 survivors (2048K)
 Metaspace       used 17437K, capacity 17796K, committed 18048K, reserved 1064960K
  class space    used 1974K, capacity 2124K, committed 2176K, reserved 1048576K
}
Event: 6199.534 GC heap after
{Heap after GC invocations=10 (full 0):
 garbage-first heap   total 133120K, used 63571K [0x0000000780000000, 0x0000000800000000)
  region size 1024K, 2 young (2048K), 2 survivors (2048K)
 Metaspace       used 17437K, capacity 17796K, committed 18048K, reserved 1064960K
  class space    used 1974K, capacity 2124K, committed 2176K, reserved 1048576K
}
Event: 6199.945 GC heap before
{Heap before GC invocations=11 (full 0):
 garbage-first heap   total 133120K, used 63571K [0x0000000780000000, 0x0000000800000000)
  region size 1024K, 4 young (4096K), 2 survivors (2048K)
 Metaspace       used 17440K, capacity 17796K, committed 18048K, reserved 1064960K
  class space    used 1974K, capacity 2124K, committed 2176K, reserved 1048576K
}
Event: 6199.954 GC heap after
{Heap after GC invocations=12 (full 0):
 garbage-first heap   total 133120K, used 63626K [0x0000000780000000, 0x0000000800000000)
  region size 1024K, 2 young (2048K), 2 survivors (2048K)
 Metaspace       used 17440K, capacity 17796K, committed 18048K, reserved 1064960K
  class space    used 1974K, capacity 2124K, committed 2176K, reserved 1048576K
}
Event: 6200.382 GC heap before
{Heap before GC invocations=13 (full 0):
 garbage-first heap   total 133120K, used 63626K [0x0000000780000000, 0x0000000800000000)
  region size 1024K, 3 young (3072K), 2 survivors (2048K)
 Metaspace       used 17441K, capacity 17796K, committed 18048K, reserved 1064960K
  class space    used 1974K, capacity 2124K, committed 2176K, reserved 1048576K
}
Event: 6200.385 GC heap after
{Heap after GC invocations=14 (full 0):
 garbage-first heap   total 133120K, used 63297K [0x0000000780000000, 0x0000000800000000)
  region size 1024K, 2 young (2048K), 2 survivors (2048K)
 Metaspace       used 17441K, capacity 17796K, committed 18048K, reserved 1064960K
  class space    used 1974K, capacity 2124K, committed 2176K, reserved 1048576K
}
Event: 6200.650 GC heap before
{Heap before GC invocations=15 (full 0):
 garbage-first heap   total 133120K, used 65345K [0x0000000780000000, 0x0000000800000000)
  region size 1024K, 4 young (4096K), 2 survivors (2048K)
 Metaspace       used 17446K, capacity 17860K, committed 18304K, reserved 1064960K
  class space    used 1974K, capacity 2124K, committed 2176K, reserved 1048576K
}
Event: 6200.652 GC heap after
{Heap after GC invocations=16 (full 0):
 garbage-first heap   total 133120K, used 65390K [0x0000000780000000, 0x0000000800000000)
  region size 1024K, 2 young (2048K), 2 survivors (2048K)
 Metaspace       used 17446K, capacity 17860K, committed 18304K, reserved 1064960K
  class space    used 1974K, capacity 2124K, committed 2176K, reserved 1048576K
}
Event: 6201.452 GC heap before
{Heap before GC invocations=17 (full 0):
 garbage-first heap   total 133120K, used 67438K [0x0000000780000000, 0x0000000800000000)
  region size 1024K, 4 young (4096K), 2 survivors (2048K)
 Metaspace       used 17454K, capacity 17860K, committed 18304K, reserved 1064960K
  class space    used 1975K, capacity 2124K, committed 2176K, reserved 1048576K
}
Event: 6201.455 GC heap after
{Heap after GC invocations=18 (full 0):
 garbage-first heap   total 133120K, used 67926K [0x0000000780000000, 0x0000000800000000)
  region size 1024K, 2 young (2048K), 2 survivors (2048K)
 Metaspace       used 17454K, capacity 17860K, committed 18304K, reserved 1064960K
  class space    used 1975K, capacity 2124K, committed 2176K, reserved 1048576K
}
Event: 6202.488 GC heap before
{Heap before GC invocations=19 (full 0):
 garbage-first heap   total 158720K, used 92502K [0x0000000780000000, 0x0000000800000000)
  region size 1024K, 4 young (4096K), 2 survivors (2048K)
 Metaspace       used 17457K, capacity 17860K, committed 18304K, reserved 1064960K
  class space    used 1975K, capacity 2124K, committed 2176K, reserved 1048576K
}
Event: 6202.492 GC heap after
{Heap after GC invocations=20 (full 0):
 garbage-first heap   total 158720K, used 88347K [0x0000000780000000, 0x0000000800000000)
  region size 1024K, 3 young (3072K), 3 survivors (3072K)
 Metaspace       used 17457K, capacity 17860K, committed 18304K, reserved 1064960K
  class space    used 1975K, capacity 2124K, committed 2176K, reserved 1048576K
}
Event: 6202.565 GC heap before
{Heap before GC invocations=21 (full 0):
 garbage-first heap   total 158720K, used 89371K [0x0000000780000000, 0x0000000800000000)
  region size 1024K, 4 young (4096K), 3 survivors (3072K)
 Metaspace       used 17464K, capacity 17860K, committed 18304K, reserved 1064960K
  class space    used 1975K, capacity 2124K, committed 2176K, reserved 1048576K
}
Event: 6202.572 GC heap after
{Heap after GC invocations=22 (full 0):
 garbage-first heap   total 158720K, used 89291K [0x0000000780000000, 0x0000000800000000)
  region size 1024K, 2 young (2048K), 2 survivors (2048K)
 Metaspace       used 17464K, capacity 17860K, committed 18304K, reserved 1064960K
  class space    used 1975K, capacity 2124K, committed 2176K, reserved 1048576K
}

