# JRE version: OpenJDK Runtime Environment (13.0.1+9) (build 13.0.1+9)
# Java VM: OpenJDK 64-Bit Server VM (13.0.1+9, mixed mode, sharing, tiered, compressed oops, g1 gc, bsd-amd64)
Heap:
 garbage-first heap   total 133120K, used 82664K [0x0000000780000000, 0x0000000800000000)
  region size 1024K, 31 young (31744K), 1 survivors (1024K)
 Metaspace       used 17374K, capacity 17745K, committed 18048K, reserved 1064960K
  class space    used 1900K, capacity 2044K, committed 2176K, reserved 1048576K
GC Heap History (18 events):
Event: 4.133 GC heap before
{Heap before GC invocations=0 (full 0):
 garbage-first heap   total 133120K, used 14068K [0x0000000780000000, 0x0000000800000000)
  region size 1024K, 14 young (14336K), 0 survivors (0K)
 Metaspace       used 11834K, capacity 12237K, committed 12672K, reserved 1060864K
  class space    used 1361K, capacity 1537K, committed 1664K, reserved 1048576K
}
Event: 4.143 GC heap after
{Heap after GC invocations=1 (full 0):
 garbage-first heap   total 133120K, used 4687K [0x0000000780000000, 0x0000000800000000)
  region size 1024K, 2 young (2048K), 2 survivors (2048K)
 Metaspace       used 11834K, capacity 12237K, committed 12672K, reserved 1060864K
  class space    used 1361K, capacity 1537K, committed 1664K, reserved 1048576K
}
Event: 4.380 GC heap before
{Heap before GC invocations=1 (full 0):
 garbage-first heap   total 133120K, used 9807K [0x0000000780000000, 0x0000000800000000)
  region size 1024K, 7 young (7168K), 2 survivors (2048K)
 Metaspace       used 13472K, capacity 13820K, committed 14080K, reserved 1060864K
  class space    used 1548K, capacity 1702K, committed 1792K, reserved 1048576K
}
Event: 4.386 GC heap after
{Heap after GC invocations=2 (full 0):
 garbage-first heap   total 133120K, used 6684K [0x0000000780000000, 0x0000000800000000)
  region size 1024K, 1 young (1024K), 1 survivors (1024K)
 Metaspace       used 13472K, capacity 13820K, committed 14080K, reserved 1060864K
  class space    used 1548K, capacity 1702K, committed 1792K, reserved 1048576K
}
Event: 9.312 GC heap before
{Heap before GC invocations=2 (full 0):
 garbage-first heap   total 133120K, used 49692K [0x0000000780000000, 0x0000000800000000)
  region size 1024K, 20 young (20480K), 1 survivors (1024K)
 Metaspace       used 15800K, capacity 16184K, committed 16384K, reserved 1062912K
  class space    used 1828K, capacity 1975K, committed 2048K, reserved 1048576K
}
Event: 9.316 GC heap after
{Heap after GC invocations=3 (full 0):
 garbage-first heap   total 133120K, used 36416K [0x0000000780000000, 0x0000000800000000)
  region size 1024K, 3 young (3072K), 3 survivors (3072K)
 Metaspace       used 15800K, capacity 16184K, committed 16384K, reserved 1062912K
  class space    used 1828K, capacity 1975K, committed 2048K, reserved 1048576K
}
Event: 31.487 GC heap before
{Heap before GC invocations=3 (full 0):
 garbage-first heap   total 133120K, used 69184K [0x0000000780000000, 0x0000000800000000)
  region size 1024K, 30 young (30720K), 3 survivors (3072K)
 Metaspace       used 16801K, capacity 17227K, committed 17536K, reserved 1064960K
  class space    used 1896K, capacity 2043K, committed 2176K, reserved 1048576K
}
Event: 31.493 GC heap after
{Heap after GC invocations=4 (full 0):
 garbage-first heap   total 133120K, used 49674K [0x0000000780000000, 0x0000000800000000)
  region size 1024K, 4 young (4096K), 4 survivors (4096K)
 Metaspace       used 16801K, capacity 17227K, committed 17536K, reserved 1064960K
  class space    used 1896K, capacity 2043K, committed 2176K, reserved 1048576K
}
Event: 44.526 GC heap before
{Heap before GC invocations=4 (full 0):
 garbage-first heap   total 133120K, used 87562K [0x0000000780000000, 0x0000000800000000)
  region size 1024K, 34 young (34816K), 4 survivors (4096K)
 Metaspace       used 17101K, capacity 17483K, committed 17792K, reserved 1064960K
  class space    used 1896K, capacity 2043K, committed 2176K, reserved 1048576K
}
Event: 44.531 GC heap after
{Heap after GC invocations=5 (full 0):
 garbage-first heap   total 133120K, used 56204K [0x0000000780000000, 0x0000000800000000)
  region size 1024K, 5 young (5120K), 5 survivors (5120K)
 Metaspace       used 17101K, capacity 17483K, committed 17792K, reserved 1064960K
  class space    used 1896K, capacity 2043K, committed 2176K, reserved 1048576K
}
Event: 105.520 GC heap before
{Heap before GC invocations=5 (full 0):
 garbage-first heap   total 133120K, used 86924K [0x0000000780000000, 0x0000000800000000)
  region size 1024K, 36 young (36864K), 5 survivors (5120K)
 Metaspace       used 17279K, capacity 17681K, committed 18048K, reserved 1064960K
  class space    used 1897K, capacity 2044K, committed 2176K, reserved 1048576K
}
Event: 105.531 GC heap after
{Heap after GC invocations=6 (full 0):
 garbage-first heap   total 133120K, used 50435K [0x0000000780000000, 0x0000000800000000)
  region size 1024K, 5 young (5120K), 5 survivors (5120K)
 Metaspace       used 17279K, capacity 17681K, committed 18048K, reserved 1064960K
  class space    used 1897K, capacity 2044K, committed 2176K, reserved 1048576K
}
Event: 231.620 GC heap before
{Heap before GC invocations=6 (full 0):
 garbage-first heap   total 133120K, used 57603K [0x0000000780000000, 0x0000000800000000)
  region size 1024K, 10 young (10240K), 5 survivors (5120K)
 Metaspace       used 17353K, capacity 17745K, committed 18048K, reserved 1064960K
  class space    used 1898K, capacity 2044K, committed 2176K, reserved 1048576K
}
Event: 231.640 GC heap after
{Heap after GC invocations=7 (full 0):
 garbage-first heap   total 133120K, used 54601K [0x0000000780000000, 0x0000000800000000)
  region size 1024K, 2 young (2048K), 2 survivors (2048K)
 Metaspace       used 17353K, capacity 17745K, committed 18048K, reserved 1064960K
  class space    used 1898K, capacity 2044K, committed 2176K, reserved 1048576K
}
Event: 1853.329 GC heap before
{Heap before GC invocations=8 (full 0):
 garbage-first heap   total 133120K, used 104777K [0x0000000780000000, 0x0000000800000000)
  region size 1024K, 32 young (32768K), 2 survivors (2048K)
 Metaspace       used 17366K, capacity 17745K, committed 18048K, reserved 1064960K
  class space    used 1898K, capacity 2044K, committed 2176K, reserved 1048576K
}
Event: 1853.342 GC heap after
{Heap after GC invocations=9 (full 0):
 garbage-first heap   total 133120K, used 77521K [0x0000000780000000, 0x0000000800000000)
  region size 1024K, 4 young (4096K), 4 survivors (4096K)
 Metaspace       used 17366K, capacity 17745K, committed 18048K, reserved 1064960K
  class space    used 1898K, capacity 2044K, committed 2176K, reserved 1048576K
}
Event: 1978.222 GC heap before
{Heap before GC invocations=9 (full 0):
 garbage-first heap   total 133120K, used 79569K [0x0000000780000000, 0x0000000800000000)
  region size 1024K, 6 young (6144K), 4 survivors (4096K)
 Metaspace       used 17366K, capacity 17745K, committed 18048K, reserved 1064960K
  class space    used 1898K, capacity 2044K, committed 2176K, reserved 1048576K
}
Event: 1978.239 GC heap after
{Heap after GC invocations=10 (full 0):
 garbage-first heap   total 133120K, used 35560K [0x0000000780000000, 0x0000000800000000)
  region size 1024K, 1 young (1024K), 1 survivors (1024K)
 Metaspace       used 17366K, capacity 17745K, committed 18048K, reserved 1064960K
  class space    used 1898K, capacity 2044K, committed 2176K, reserved 1048576K
}

